<?xml version="1.0" encoding="UTF-8"?>
<testsuite name="com.mengyuan.blog.BlogApplicationTests" tests="1" skipped="0" failures="0" errors="0" timestamp="2018-08-25T04:55:39" hostname="JBRV2ZEA7WXLQ7U" time="0.023">
  <properties/>
  <testcase name="contextLoads" classname="com.mengyuan.blog.BlogApplicationTests" time="0.023"/>
  <system-out><![CDATA[12:55:35.175 [Test worker] DEBUG org.springframework.test.context.junit4.SpringJUnit4ClassRunner - SpringJUnit4ClassRunner constructor called with [class com.mengyuan.blog.BlogApplicationTests]
12:55:35.179 [Test worker] DEBUG org.springframework.test.context.BootstrapUtils - Instantiating CacheAwareContextLoaderDelegate from class [org.springframework.test.context.cache.DefaultCacheAwareContextLoaderDelegate]
12:55:35.185 [Test worker] DEBUG org.springframework.test.context.BootstrapUtils - Instantiating BootstrapContext using constructor [public org.springframework.test.context.support.DefaultBootstrapContext(java.lang.Class,org.springframework.test.context.CacheAwareContextLoaderDelegate)]
12:55:35.198 [Test worker] DEBUG org.springframework.test.context.BootstrapUtils - Instantiating TestContextBootstrapper for test class [com.mengyuan.blog.BlogApplicationTests] from class [org.springframework.boot.test.context.SpringBootTestContextBootstrapper]
12:55:35.217 [Test worker] INFO org.springframework.boot.test.context.SpringBootTestContextBootstrapper - Neither @ContextConfiguration nor @ContextHierarchy found for test class [com.mengyuan.blog.BlogApplicationTests], using SpringBootContextLoader
12:55:35.219 [Test worker] DEBUG org.springframework.test.context.support.AbstractContextLoader - Did not detect default resource location for test class [com.mengyuan.blog.BlogApplicationTests]: class path resource [com/mengyuan/blog/BlogApplicationTests-context.xml] does not exist
12:55:35.220 [Test worker] DEBUG org.springframework.test.context.support.AbstractContextLoader - Did not detect default resource location for test class [com.mengyuan.blog.BlogApplicationTests]: class path resource [com/mengyuan/blog/BlogApplicationTestsContext.groovy] does not exist
12:55:35.220 [Test worker] INFO org.springframework.test.context.support.AbstractContextLoader - Could not detect default resource locations for test class [com.mengyuan.blog.BlogApplicationTests]: no resource found for suffixes {-context.xml, Context.groovy}.
12:55:35.221 [Test worker] INFO org.springframework.test.context.support.AnnotationConfigContextLoaderUtils - Could not detect default configuration classes for test class [com.mengyuan.blog.BlogApplicationTests]: BlogApplicationTests does not declare any static, non-private, non-final, nested classes annotated with @Configuration.
12:55:35.247 [Test worker] DEBUG org.springframework.test.context.support.ActiveProfilesUtils - Could not find an 'annotation declaring class' for annotation type [org.springframework.test.context.ActiveProfiles] and class [com.mengyuan.blog.BlogApplicationTests]
12:55:35.255 [Test worker] DEBUG org.springframework.core.env.StandardEnvironment - Adding PropertySource 'systemProperties' with lowest search precedence
12:55:35.255 [Test worker] DEBUG org.springframework.core.env.StandardEnvironment - Adding PropertySource 'systemEnvironment' with lowest search precedence
12:55:35.255 [Test worker] DEBUG org.springframework.core.env.StandardEnvironment - Initialized StandardEnvironment with PropertySources [MapPropertySource@1483167047 {name='systemProperties', properties={java.runtime.name=Java(TM) SE Runtime Environment, sun.boot.library.path=D:\Java\jdk1.8.0_162\jre\bin, java.vm.version=25.162-b12, java.vm.vendor=Oracle Corporation, java.vendor.url=http://java.oracle.com/, path.separator=;, java.vm.name=Java HotSpot(TM) 64-Bit Server VM, file.encoding.pkg=sun.io, user.script=, sun.java.launcher=SUN_STANDARD, user.country=CN, sun.os.patch.level=Service Pack 1, java.vm.specification.name=Java Virtual Machine Specification, user.dir=D:\EclipseWorkspace\blog, java.runtime.version=1.8.0_162-b12, java.awt.graphicsenv=sun.awt.Win32GraphicsEnvironment, java.endorsed.dirs=D:\Java\jdk1.8.0_162\jre\lib\endorsed, os.arch=amd64, java.io.tmpdir=C:\Users\ADMINI~1\AppData\Local\Temp\, line.separator=
, java.vm.specification.vendor=Oracle Corporation, user.variant=, os.name=Windows 7, sun.jnu.encoding=GBK, java.library.path=D:\Java\jdk1.8.0_162\bin;C:\Windows\Sun\Java\bin;C:\Windows\system32;C:\Windows;C:/Program Files/Java/jre1.8.0_171/bin/server;C:/Program Files/Java/jre1.8.0_171/bin;C:/Program Files/Java/jre1.8.0_171/lib/amd64;C:\Program Files (x86)\Common Files\Oracle\Java\javapath;C:\ProgramData\Oracle\Java\javapath;D:\Anaconda3;D:\Anaconda3\Library\mingw-w64\bin;D:\Anaconda3\Library\usr\bin;D:\Anaconda3\Library\bin;D:\Anaconda3\Scripts;C:\Windows\system32;C:\Windows;C:\Windows\System32\Wbem;C:\Windows\System32\WindowsPowerShell\v1.0\;C:\Program Files (x86)\NVIDIA Corporation\PhysX\Common;D:\Java\jdk1.8.0_162\bin;D:\Java\jdk1.8.0_162\jre\bin;C:\Program Files\MySQL\MySQL Server 5.5\bin;C:\Users\Administrator\AppData\Local\Programs\Python\Python36\Lib\site-packages\Django-1.11.2-py3.6.egg\django\bin;C:\Users\Administrator\AppData\Local\Programs\Python\Python36\Scripts;D:\Program Files\nodejs\;D:\Program Files (x86)\Git\cmd;D:\apache-maven-3.5.3\bin;D:\gradle-3.5\bin;C:\Users\Administrator\AppData\Local\Programs\Python\Python36\Scripts\;C:\Users\Administrator\AppData\Local\Programs\Python\Python36\;C:\Users\Administrator\AppData\Roaming\npm;D:\eclipse;;., java.specification.name=Java Platform API Specification, java.class.version=52.0, sun.management.compiler=HotSpot 64-Bit Tiered Compilers, os.version=6.1, user.home=C:\Users\Administrator, user.timezone=Asia/Shanghai, java.awt.printerjob=sun.awt.windows.WPrinterJob, file.encoding=GBK, java.specification.version=1.8, java.class.path=D:\EclipseWorkspace\blog\build\classes\test;D:\EclipseWorkspace\blog\build\resources\test;D:\EclipseWorkspace\blog\build\classes\main;D:\EclipseWorkspace\blog\build\resources\main;D:\gradle-3.5\caches\modules-2\files-2.1\org.springframework.boot\spring-boot-starter-web\1.5.15.RELEASE\42fc38e777be2d776ff9ab74fb60082bc05d7115\spring-boot-starter-web-1.5.15.RELEASE.jar;D:\gradle-3.5\caches\modules-2\files-2.1\org.springframework.boot\spring-boot-starter-aop\1.5.15.RELEASE\c3dfbf359ef084a34518185f0e5d4a58aa009eeb\spring-boot-starter-aop-1.5.15.RELEASE.jar;D:\gradle-3.5\caches\modules-2\files-2.1\org.springframework.boot\spring-boot-starter-thymeleaf\1.5.15.RELEASE\f7c7d53df171a61c02d43dd406cd210916ad19bf\spring-boot-starter-thymeleaf-1.5.15.RELEASE.jar;D:\gradle-3.5\caches\modules-2\files-2.1\org.springframework.boot\spring-boot-starter-data-jpa\1.5.15.RELEASE\f0425299df4c00c0981eee410d3bb94db42d236f\spring-boot-starter-data-jpa-1.5.15.RELEASE.jar;D:\gradle-3.5\caches\modules-2\files-2.1\mysql\mysql-connector-java\5.1.46\9a3e63b387e376364211e96827bc27db8d7a92e9\mysql-connector-java-5.1.46.jar;D:\gradle-3.5\caches\modules-2\files-2.1\org.springframework.boot\spring-boot-starter-test\1.5.15.RELEASE\88c385ac721f4913ce43f3fde1f9c32c9c6e5be1\spring-boot-starter-test-1.5.15.RELEASE.jar;D:\gradle-3.5\caches\modules-2\files-2.1\org.springframework.boot\spring-boot-starter\1.5.15.RELEASE\5b4419f4c8960eafba0b4f588b27dbbde9ea9abd\spring-boot-starter-1.5.15.RELEASE.jar;D:\gradle-3.5\caches\modules-2\files-2.1\org.springframework.boot\spring-boot-starter-tomcat\1.5.15.RELEASE\4e1bf3cd8480137b32c61d6f0fb54a4b81406a80\spring-boot-starter-tomcat-1.5.15.RELEASE.jar;D:\gradle-3.5\caches\modules-2\files-2.1\org.hibernate\hibernate-validator\5.3.6.Final\4c730be8bf55a8e9a61e79a2f2c079abf48b718\hibernate-validator-5.3.6.Final.jar;D:\gradle-3.5\caches\modules-2\files-2.1\com.fasterxml.jackson.core\jackson-databind\2.8.11.2\2c5051e8e84d2c16316b758ebf746f9e90bef5a4\jackson-databind-2.8.11.2.jar;D:\gradle-3.5\caches\modules-2\files-2.1\org.springframework\spring-web\4.3.18.RELEASE\e41042a70a7d80da52261c1dfc569c7518b70dce\spring-web-4.3.18.RELEASE.jar;D:\gradle-3.5\caches\modules-2\files-2.1\org.springframework\spring-webmvc\4.3.18.RELEASE\67ad7f59830df97ab73f8c7ab53ea33ae7dcb68\spring-webmvc-4.3.18.RELEASE.jar;D:\gradle-3.5\caches\modules-2\files-2.1\org.springframework\spring-aop\4.3.18.RELEASE\dd930265a504563d76de79864ae3196f6e9035e0\spring-aop-4.3.18.RELEASE.jar;D:\gradle-3.5\caches\modules-2\files-2.1\org.aspectj\aspectjweaver\1.8.13\ad94df2a28d658a40dc27bbaff6a1ce5fbf04e9b\aspectjweaver-1.8.13.jar;D:\gradle-3.5\caches\modules-2\files-2.1\org.thymeleaf\thymeleaf-spring4\3.0.3.RELEASE\aa82eae4ce4a6c5bf04ad8d2cfbdabcb32f70e11\thymeleaf-spring4-3.0.3.RELEASE.jar;D:\gradle-3.5\caches\modules-2\files-2.1\nz.net.ultraq.thymeleaf\thymeleaf-layout-dialect\2.2.0\15f250cc343825c3c4c72d8086981e3a2231f640\thymeleaf-layout-dialect-2.2.0.jar;D:\gradle-3.5\caches\modules-2\files-2.1\org.springframework.boot\spring-boot-starter-jdbc\1.5.15.RELEASE\566c83d3fe4c2b570b566c3b81afa40784de553f\spring-boot-starter-jdbc-1.5.15.RELEASE.jar;D:\gradle-3.5\caches\modules-2\files-2.1\org.hibernate\hibernate-core\5.2.8.Final\536e380bb49cf5e5ac7bcb017a1d46b5183af2f6\hibernate-core-5.2.8.Final.jar;D:\gradle-3.5\caches\modules-2\files-2.1\org.hibernate\hibernate-entitymanager\5.2.8.Final\e1cb7f66c751c71fc05e2ac01378425609fb0623\hibernate-entitymanager-5.2.8.Final.jar;D:\gradle-3.5\caches\modules-2\files-2.1\javax.transaction\javax.transaction-api\1.2\d81aff979d603edd90dcd8db2abc1f4ce6479e3e\javax.transaction-api-1.2.jar;D:\gradle-3.5\caches\modules-2\files-2.1\org.springframework.data\spring-data-jpa\1.11.14.RELEASE\6b48748cf8720f2e5bba7e8dd7d6923a841ef39c\spring-data-jpa-1.11.14.RELEASE.jar;D:\gradle-3.5\caches\modules-2\files-2.1\org.springframework\spring-aspects\4.3.18.RELEASE\d7ff868830a15461ff749bea6860590f41777425\spring-aspects-4.3.18.RELEASE.jar;D:\gradle-3.5\caches\modules-2\files-2.1\org.springframework.boot\spring-boot-test\1.5.15.RELEASE\d650b15ebb25b5a98c3255b8a2bd93b31ba7f109\spring-boot-test-1.5.15.RELEASE.jar;D:\gradle-3.5\caches\modules-2\files-2.1\org.springframework.boot\spring-boot-test-autoconfigure\1.5.15.RELEASE\ca8d767543eecf14d689bb6f039b6569faac5e8a\spring-boot-test-autoconfigure-1.5.15.RELEASE.jar;D:\gradle-3.5\caches\modules-2\files-2.1\com.jayway.jsonpath\json-path\2.2.0\22290d17944bd239fabf5ac69005a60a7ecbbbcb\json-path-2.2.0.jar;D:\gradle-3.5\caches\modules-2\files-2.1\junit\junit\4.12\2973d150c0dc1fefe998f834810d68f278ea58ec\junit-4.12.jar;D:\gradle-3.5\caches\modules-2\files-2.1\org.assertj\assertj-core\2.6.0\b532c3fc4f66bcfee4989a3514f1cd56203a33ad\assertj-core-2.6.0.jar;D:\gradle-3.5\caches\modules-2\files-2.1\org.mockito\mockito-core\1.10.19\e8546f5bef4e061d8dd73895b4e8f40e3fe6effe\mockito-core-1.10.19.jar;D:\gradle-3.5\caches\modules-2\files-2.1\org.hamcrest\hamcrest-core\1.3\42a25dc3219429f0e5d060061f71acb49bf010a0\hamcrest-core-1.3.jar;D:\gradle-3.5\caches\modules-2\files-2.1\org.hamcrest\hamcrest-library\1.3\4785a3c21320980282f9f33d0d1264a69040538f\hamcrest-library-1.3.jar;D:\gradle-3.5\caches\modules-2\files-2.1\org.skyscreamer\jsonassert\1.4.0\9cdbb373a06f6513e51e8c545ee6a5e981463edb\jsonassert-1.4.0.jar;D:\gradle-3.5\caches\modules-2\files-2.1\org.springframework\spring-core\4.3.18.RELEASE\4acbce682c3dfe38181d57b7e0792e2cc21e4f77\spring-core-4.3.18.RELEASE.jar;D:\gradle-3.5\caches\modules-2\files-2.1\org.springframework\spring-test\4.3.18.RELEASE\1995997f20dcb66d44c252bb6d1a06eff00b465e\spring-test-4.3.18.RELEASE.jar;D:\gradle-3.5\caches\modules-2\files-2.1\org.springframework.boot\spring-boot\1.5.15.RELEASE\79126cdbd541d1fd9a1497efddb00848bf7b201\spring-boot-1.5.15.RELEASE.jar;D:\gradle-3.5\caches\modules-2\files-2.1\org.springframework.boot\spring-boot-autoconfigure\1.5.15.RELEASE\9cb093e335fc58e61581edcb959813b62731ef8e\spring-boot-autoconfigure-1.5.15.RELEASE.jar;D:\gradle-3.5\caches\modules-2\files-2.1\org.springframework.boot\spring-boot-starter-logging\1.5.15.RELEASE\3a0d1b63705bb75ac54884c6c169b1e1908f1375\spring-boot-starter-logging-1.5.15.RELEASE.jar;D:\gradle-3.5\caches\modules-2\files-2.1\org.yaml\snakeyaml\1.17\7a27ea250c5130b2922b86dea63cbb1cc10a660c\snakeyaml-1.17.jar;D:\gradle-3.5\caches\modules-2\files-2.1\org.apache.tomcat.embed\tomcat-embed-core\8.5.32\6bc6896200146010cc4666bdc6b9b0cbb453ee22\tomcat-embed-core-8.5.32.jar;D:\gradle-3.5\caches\modules-2\files-2.1\org.apache.tomcat.embed\tomcat-embed-el\8.5.32\e4fd0ee015d83fa1c5ec93ff1d05bdaf9a4480c5\tomcat-embed-el-8.5.32.jar;D:\gradle-3.5\caches\modules-2\files-2.1\org.apache.tomcat.embed\tomcat-embed-websocket\8.5.32\ea5302e378f1449d4e5dda79e8d810c1e7931f91\tomcat-embed-websocket-8.5.32.jar;D:\gradle-3.5\caches\modules-2\files-2.1\javax.validation\validation-api\1.1.0.Final\8613ae82954779d518631e05daa73a6a954817d5\validation-api-1.1.0.Final.jar;D:\gradle-3.5\caches\modules-2\files-2.1\org.jboss.logging\jboss-logging\3.3.2.Final\3789d00e859632e6c6206adc0c71625559e6e3b0\jboss-logging-3.3.2.Final.jar;D:\gradle-3.5\caches\modules-2\files-2.1\com.fasterxml\classmate\1.3.4\3d5f48f10bbe4eb7bd862f10c0583be2e0053c6\classmate-1.3.4.jar;D:\gradle-3.5\caches\modules-2\files-2.1\com.fasterxml.jackson.core\jackson-annotations\2.8.0\45b426f7796b741035581a176744d91090e2e6fb\jackson-annotations-2.8.0.jar;D:\gradle-3.5\caches\modules-2\files-2.1\com.fasterxml.jackson.core\jackson-core\2.8.11\876ead1db19f0c9e79c9789273a3ef8c6fd6c29b\jackson-core-2.8.11.jar;D:\gradle-3.5\caches\modules-2\files-2.1\org.springframework\spring-beans\4.3.18.RELEASE\27460686b16b3ffee60bb3365cd56bba6ed860ff\spring-beans-4.3.18.RELEASE.jar;D:\gradle-3.5\caches\modules-2\files-2.1\org.springframework\spring-context\4.3.18.RELEASE\d302953b509e6d380856e245bf80c29770c08c98\spring-context-4.3.18.RELEASE.jar;D:\gradle-3.5\caches\modules-2\files-2.1\org.springframework\spring-expression\4.3.18.RELEASE\64f2270bfd9d615c8c3b9d94995867f39391ed30\spring-expression-4.3.18.RELEASE.jar;D:\gradle-3.5\caches\modules-2\files-2.1\org.thymeleaf\thymeleaf\3.0.3.RELEASE\b1e8c9c81080fb158848d42aa54d0668bc2936af\thymeleaf-3.0.3.RELEASE.jar;D:\gradle-3.5\caches\modules-2\files-2.1\org.slf4j\slf4j-api\1.7.25\da76ca59f6a57ee3102f8f9bd9cee742973efa8a\slf4j-api-1.7.25.jar;D:\gradle-3.5\caches\modules-2\files-2.1\org.codehaus.groovy\groovy\2.4.15\74b7e0b99526c569e3a59cb84dbcc6204d601ee6\groovy-2.4.15.jar;D:\gradle-3.5\caches\modules-2\files-2.1\nz.net.ultraq.thymeleaf\thymeleaf-expression-processor\1.1.2\f9ade8db0d5d3b1622051bf7b22248c58a0c0ab6\thymeleaf-expression-processor-1.1.2.jar;D:\gradle-3.5\caches\modules-2\files-2.1\org.apache.tomcat\tomcat-jdbc\8.5.32\9d2bf02f75c1f72b5346b60263d44b1a1ab8da43\tomcat-jdbc-8.5.32.jar;D:\gradle-3.5\caches\modules-2\files-2.1\org.springframework\spring-jdbc\4.3.18.RELEASE\816bc40759cd07ec50b86b1472aa021813387114\spring-jdbc-4.3.18.RELEASE.jar;D:\gradle-3.5\caches\modules-2\files-2.1\org.hibernate.javax.persistence\hibernate-jpa-2.1-api\1.0.0.Final\5e731d961297e5a07290bfaf3db1fbc8bbbf405a\hibernate-jpa-2.1-api-1.0.0.Final.jar;D:\gradle-3.5\caches\modules-2\files-2.1\org.javassist\javassist\3.21.0-GA\598244f595db5c5fb713731eddbb1c91a58d959b\javassist-3.21.0-GA.jar;D:\gradle-3.5\caches\modules-2\files-2.1\antlr\antlr\2.7.7\83cd2cd674a217ade95a4bb83a8a14f351f48bd0\antlr-2.7.7.jar;D:\gradle-3.5\caches\modules-2\files-2.1\org.jboss.spec.javax.transaction\jboss-transaction-api_1.2_spec\1.0.1.Final\4441f144a2a1f46ed48fcc6b476a4b6295e6d524\jboss-transaction-api_1.2_spec-1.0.1.Final.jar;D:\gradle-3.5\caches\modules-2\files-2.1\org.jboss\jandex\2.0.3.Final\bfc4d6257dbff7a33a357f0de116be6ff951d849\jandex-2.0.3.Final.jar;D:\gradle-3.5\caches\modules-2\files-2.1\dom4j\dom4j\1.6.1\5d3ccc056b6f056dbf0dddfdf43894b9065a8f94\dom4j-1.6.1.jar;D:\gradle-3.5\caches\modules-2\files-2.1\org.hibernate.common\hibernate-commons-annotations\5.0.1.Final\71e1cff3fcb20d3b3af4f3363c3ddb24d33c6879\hibernate-commons-annotations-5.0.1.Final.jar;D:\gradle-3.5\caches\modules-2\files-2.1\net.bytebuddy\byte-buddy\1.6.6\7d421c533adb4e1948e3219572f94c485f09a644\byte-buddy-1.6.6.jar;D:\gradle-3.5\caches\modules-2\files-2.1\org.springframework.data\spring-data-commons\1.13.14.RELEASE\181429786ecaa16e186d9aa3fc581c8f778a208e\spring-data-commons-1.13.14.RELEASE.jar;D:\gradle-3.5\caches\modules-2\files-2.1\org.springframework\spring-orm\4.3.18.RELEASE\f5f7cef67e9729f0f96a89441ae24980c7339da8\spring-orm-4.3.18.RELEASE.jar;D:\gradle-3.5\caches\modules-2\files-2.1\org.springframework\spring-tx\4.3.18.RELEASE\b6b7938f7d8ba412b6663a8b950592557c2d996e\spring-tx-4.3.18.RELEASE.jar;D:\gradle-3.5\caches\modules-2\files-2.1\org.slf4j\jcl-over-slf4j\1.7.25\f8c32b13ff142a513eeb5b6330b1588dcb2c0461\jcl-over-slf4j-1.7.25.jar;D:\gradle-3.5\caches\modules-2\files-2.1\net.minidev\json-smart\2.2.1\5b9e5df7a62d1279b70dc882b041d249c4f0b002\json-smart-2.2.1.jar;D:\gradle-3.5\caches\modules-2\files-2.1\org.objenesis\objenesis\2.1\87c0ea803b69252868d09308b4618f766f135a96\objenesis-2.1.jar;D:\gradle-3.5\caches\modules-2\files-2.1\com.vaadin.external.google\android-json\0.0.20131108.vaadin1\fa26d351fe62a6a17f5cda1287c1c6110dec413f\android-json-0.0.20131108.vaadin1.jar;D:\gradle-3.5\caches\modules-2\files-2.1\ch.qos.logback\logback-classic\1.1.11\ccedfbacef4a6515d2983e3f89ed753d5d4fb665\logback-classic-1.1.11.jar;D:\gradle-3.5\caches\modules-2\files-2.1\org.slf4j\jul-to-slf4j\1.7.25\af5364cd6679bfffb114f0dec8a157aaa283b76\jul-to-slf4j-1.7.25.jar;D:\gradle-3.5\caches\modules-2\files-2.1\org.slf4j\log4j-over-slf4j\1.7.25\a87bb47468f47ee7aabbd54f93e133d4215769c3\log4j-over-slf4j-1.7.25.jar;D:\gradle-3.5\caches\modules-2\files-2.1\org.apache.tomcat\tomcat-annotations-api\8.5.32\bc805a49362036d2705bbe051053f11120869fd\tomcat-annotations-api-8.5.32.jar;D:\gradle-3.5\caches\modules-2\files-2.1\org.attoparser\attoparser\2.0.2.RELEASE\13d40c5bbc1fb7c021f54223f27c9feb1328cee3\attoparser-2.0.2.RELEASE.jar;D:\gradle-3.5\caches\modules-2\files-2.1\org.unbescape\unbescape\1.1.4.RELEASE\1ef1371149efc31d72d35dc290cf16c1a4736a12\unbescape-1.1.4.RELEASE.jar;D:\gradle-3.5\caches\modules-2\files-2.1\org.apache.tomcat\tomcat-juli\8.5.32\c659f0c0bc6e1124bf3461ca51b25724a2335cf6\tomcat-juli-8.5.32.jar;D:\gradle-3.5\caches\modules-2\files-2.1\net.minidev\accessors-smart\1.1\a527213f2fea112a04c9bdf0ec0264e34104cd08\accessors-smart-1.1.jar;D:\gradle-3.5\caches\modules-2\files-2.1\ch.qos.logback\logback-core\1.1.11\88b8df40340eed549fb07e2613879bf6b006704d\logback-core-1.1.11.jar;D:\gradle-3.5\caches\modules-2\files-2.1\org.ow2.asm\asm\5.0.3\dcc2193db20e19e1feca8b1240dbbc4e190824fa\asm-5.0.3.jar, user.name=Administrator, java.vm.specification.version=1.8, sun.java.command=worker.org.gradle.process.internal.worker.GradleWorkerMain 'Gradle Test Executor 1', java.home=D:\Java\jdk1.8.0_162\jre, sun.arch.data.model=64, user.language=zh, java.specification.vendor=Oracle Corporation, awt.toolkit=sun.awt.windows.WToolkit, java.vm.info=mixed mode, java.version=1.8.0_162, java.ext.dirs=D:\Java\jdk1.8.0_162\jre\lib\ext;C:\Windows\Sun\Java\lib\ext, sun.boot.class.path=D:\Java\jdk1.8.0_162\jre\lib\resources.jar;D:\Java\jdk1.8.0_162\jre\lib\rt.jar;D:\Java\jdk1.8.0_162\jre\lib\sunrsasign.jar;D:\Java\jdk1.8.0_162\jre\lib\jsse.jar;D:\Java\jdk1.8.0_162\jre\lib\jce.jar;D:\Java\jdk1.8.0_162\jre\lib\charsets.jar;D:\Java\jdk1.8.0_162\jre\lib\jfr.jar;D:\Java\jdk1.8.0_162\jre\classes, java.vendor=Oracle Corporation, org.gradle.test.worker=1, file.separator=\, java.vendor.url.bug=http://bugreport.sun.com/bugreport/, sun.io.unicode.encoding=UnicodeLittle, sun.cpu.endian=little, sun.desktop=windows, sun.cpu.isalist=amd64}}, SystemEnvironmentPropertySource@650283443 {name='systemEnvironment', properties={LOCALAPPDATA=C:\Users\Administrator\AppData\Local, PROCESSOR_LEVEL=6, FP_NO_HOST_CHECK=NO, USERDOMAIN=JBRV2ZEA7WXLQ7U, LOGONSERVER=\\JBRV2ZEA7WXLQ7U, JAVA_HOME=D:\Java\jdk1.8.0_162, SESSIONNAME=Console, ALLUSERSPROFILE=C:\ProgramData, PROCESSOR_ARCHITECTURE=AMD64, GRADLE_HOME=D:\gradle-3.5, PSModulePath=C:\Windows\system32\WindowsPowerShell\v1.0\Modules\, SystemDrive=C:, MAVEN_HOME=D:\apache-maven-3.5.3, APPDATA=C:\Users\Administrator\AppData\Roaming, USERNAME=Administrator, windows_tracing_logfile=C:\BVTBin\Tests\installpackage\csilogfile.log, ProgramFiles(x86)=C:\Program Files (x86), CommonProgramFiles=C:\Program Files\Common Files, Path=C:/Program Files/Java/jre1.8.0_171/bin/server;C:/Program Files/Java/jre1.8.0_171/bin;C:/Program Files/Java/jre1.8.0_171/lib/amd64;C:\Program Files (x86)\Common Files\Oracle\Java\javapath;C:\ProgramData\Oracle\Java\javapath;D:\Anaconda3;D:\Anaconda3\Library\mingw-w64\bin;D:\Anaconda3\Library\usr\bin;D:\Anaconda3\Library\bin;D:\Anaconda3\Scripts;C:\Windows\system32;C:\Windows;C:\Windows\System32\Wbem;C:\Windows\System32\WindowsPowerShell\v1.0\;C:\Program Files (x86)\NVIDIA Corporation\PhysX\Common;D:\Java\jdk1.8.0_162\bin;D:\Java\jdk1.8.0_162\jre\bin;C:\Program Files\MySQL\MySQL Server 5.5\bin;C:\Users\Administrator\AppData\Local\Programs\Python\Python36\Lib\site-packages\Django-1.11.2-py3.6.egg\django\bin;C:\Users\Administrator\AppData\Local\Programs\Python\Python36\Scripts;D:\Program Files\nodejs\;D:\Program Files (x86)\Git\cmd;D:\apache-maven-3.5.3\bin;D:\gradle-3.5\bin;C:\Users\Administrator\AppData\Local\Programs\Python\Python36\Scripts\;C:\Users\Administrator\AppData\Local\Programs\Python\Python36\;C:\Users\Administrator\AppData\Roaming\npm;D:\eclipse;, PATHEXT=.COM;.EXE;.BAT;.CMD;.VBS;.VBE;.JS;.JSE;.WSF;.WSH;.MSC, OS=Windows_NT, windows_tracing_flags=3, COMPUTERNAME=JBRV2ZEA7WXLQ7U, _DFX_INSTALL_UNSIGNED_DRIVER=1, PROCESSOR_REVISION=5e03, CLASSPATH=D:\Java\jdk1.8.0_162lib\dt.jar;D:\Java\jdk1.8.0_162\lib\tools.jar, CommonProgramW6432=C:\Program Files\Common Files, ComSpec=C:\Windows\system32\cmd.exe, ProgramData=C:\ProgramData, ProgramW6432=C:\Program Files, HOMEPATH=\Users\Administrator, SystemRoot=C:\Windows, TEMP=C:\Users\ADMINI~1\AppData\Local\Temp, HOMEDRIVE=C:, PROCESSOR_IDENTIFIER=Intel64 Family 6 Model 94 Stepping 3, GenuineIntel, USERPROFILE=C:\Users\Administrator, TMP=C:\Users\ADMINI~1\AppData\Local\Temp, CommonProgramFiles(x86)=C:\Program Files (x86)\Common Files, ProgramFiles=C:\Program Files, PUBLIC=C:\Users\Public, NUMBER_OF_PROCESSORS=4, windir=C:\Windows, =::=::\}}]
12:55:35.265 [Test worker] DEBUG org.springframework.core.io.support.PathMatchingResourcePatternResolver - Resolved classpath location [com/mengyuan/blog/] to resources [URL [file:/D:/EclipseWorkspace/blog/build/classes/test/com/mengyuan/blog/], URL [file:/D:/EclipseWorkspace/blog/build/classes/main/com/mengyuan/blog/]]
12:55:35.265 [Test worker] DEBUG org.springframework.core.io.support.PathMatchingResourcePatternResolver - Looking for matching resources in directory tree [D:\EclipseWorkspace\blog\build\classes\test\com\mengyuan\blog]
12:55:35.265 [Test worker] DEBUG org.springframework.core.io.support.PathMatchingResourcePatternResolver - Searching directory [D:\EclipseWorkspace\blog\build\classes\test\com\mengyuan\blog] for files matching pattern [D:/EclipseWorkspace/blog/build/classes/test/com/mengyuan/blog/*.class]
12:55:35.267 [Test worker] DEBUG org.springframework.core.io.support.PathMatchingResourcePatternResolver - Looking for matching resources in directory tree [D:\EclipseWorkspace\blog\build\classes\main\com\mengyuan\blog]
12:55:35.267 [Test worker] DEBUG org.springframework.core.io.support.PathMatchingResourcePatternResolver - Searching directory [D:\EclipseWorkspace\blog\build\classes\main\com\mengyuan\blog] for files matching pattern [D:/EclipseWorkspace/blog/build/classes/main/com/mengyuan/blog/*.class]
12:55:35.268 [Test worker] DEBUG org.springframework.core.io.support.PathMatchingResourcePatternResolver - Resolved location pattern [classpath*:com/mengyuan/blog/*.class] to resources [file [D:\EclipseWorkspace\blog\build\classes\test\com\mengyuan\blog\BlogApplicationTests.class], file [D:\EclipseWorkspace\blog\build\classes\main\com\mengyuan\blog\BlogApplication.class]]
12:55:35.299 [Test worker] DEBUG org.springframework.context.annotation.ClassPathScanningCandidateComponentProvider - Identified candidate component class: file [D:\EclipseWorkspace\blog\build\classes\main\com\mengyuan\blog\BlogApplication.class]
12:55:35.300 [Test worker] INFO org.springframework.boot.test.context.SpringBootTestContextBootstrapper - Found @SpringBootConfiguration com.mengyuan.blog.BlogApplication for test class com.mengyuan.blog.BlogApplicationTests
12:55:35.304 [Test worker] DEBUG org.springframework.boot.test.context.SpringBootTestContextBootstrapper - @TestExecutionListeners is not present for class [com.mengyuan.blog.BlogApplicationTests]: using defaults.
12:55:35.306 [Test worker] INFO org.springframework.boot.test.context.SpringBootTestContextBootstrapper - Loaded default TestExecutionListener class names from location [META-INF/spring.factories]: [org.springframework.boot.test.mock.mockito.MockitoTestExecutionListener, org.springframework.boot.test.mock.mockito.ResetMocksTestExecutionListener, org.springframework.boot.test.autoconfigure.restdocs.RestDocsTestExecutionListener, org.springframework.boot.test.autoconfigure.web.client.MockRestServiceServerResetTestExecutionListener, org.springframework.boot.test.autoconfigure.web.servlet.MockMvcPrintOnlyOnFailureTestExecutionListener, org.springframework.boot.test.autoconfigure.web.servlet.WebDriverTestExecutionListener, org.springframework.test.context.web.ServletTestExecutionListener, org.springframework.test.context.support.DirtiesContextBeforeModesTestExecutionListener, org.springframework.test.context.support.DependencyInjectionTestExecutionListener, org.springframework.test.context.support.DirtiesContextTestExecutionListener, org.springframework.test.context.transaction.TransactionalTestExecutionListener, org.springframework.test.context.jdbc.SqlScriptsTestExecutionListener]
12:55:35.321 [Test worker] INFO org.springframework.boot.test.context.SpringBootTestContextBootstrapper - Using TestExecutionListeners: [org.springframework.test.context.web.ServletTestExecutionListener@702239c5, org.springframework.test.context.support.DirtiesContextBeforeModesTestExecutionListener@479a3bbb, org.springframework.boot.test.mock.mockito.MockitoTestExecutionListener@64414ffe, org.springframework.boot.test.autoconfigure.SpringBootDependencyInjectionTestExecutionListener@3494e93b, org.springframework.test.context.support.DirtiesContextTestExecutionListener@5599027d, org.springframework.test.context.transaction.TransactionalTestExecutionListener@4348ac96, org.springframework.test.context.jdbc.SqlScriptsTestExecutionListener@2d9835be, org.springframework.boot.test.mock.mockito.ResetMocksTestExecutionListener@3e56dc07, org.springframework.boot.test.autoconfigure.restdocs.RestDocsTestExecutionListener@2341bb5a, org.springframework.boot.test.autoconfigure.web.client.MockRestServiceServerResetTestExecutionListener@25eb9fb8, org.springframework.boot.test.autoconfigure.web.servlet.MockMvcPrintOnlyOnFailureTestExecutionListener@49326b7e, org.springframework.boot.test.autoconfigure.web.servlet.WebDriverTestExecutionListener@410c20bb]
12:55:35.323 [Test worker] DEBUG org.springframework.test.annotation.ProfileValueUtils - Retrieved @ProfileValueSourceConfiguration [null] for test class [com.mengyuan.blog.BlogApplicationTests]
12:55:35.324 [Test worker] DEBUG org.springframework.test.annotation.ProfileValueUtils - Retrieved ProfileValueSource type [class org.springframework.test.annotation.SystemProfileValueSource] for class [com.mengyuan.blog.BlogApplicationTests]
12:55:35.324 [Test worker] DEBUG org.springframework.test.annotation.ProfileValueUtils - Retrieved @ProfileValueSourceConfiguration [null] for test class [com.mengyuan.blog.BlogApplicationTests]
12:55:35.324 [Test worker] DEBUG org.springframework.test.annotation.ProfileValueUtils - Retrieved ProfileValueSource type [class org.springframework.test.annotation.SystemProfileValueSource] for class [com.mengyuan.blog.BlogApplicationTests]
12:55:35.328 [Test worker] DEBUG org.springframework.test.context.support.AbstractDirtiesContextTestExecutionListener - Before test class: context [DefaultTestContext@ada9520 testClass = BlogApplicationTests, testInstance = [null], testMethod = [null], testException = [null], mergedContextConfiguration = [WebMergedContextConfiguration@3d03ce63 testClass = BlogApplicationTests, locations = '{}', classes = '{class com.mengyuan.blog.BlogApplication}', contextInitializerClasses = '[]', activeProfiles = '{}', propertySourceLocations = '{}', propertySourceProperties = '{org.springframework.boot.test.context.SpringBootTestContextBootstrapper=true}', contextCustomizers = set[org.springframework.boot.test.context.SpringBootTestContextCustomizer@6fe2825d, org.springframework.boot.test.context.filter.ExcludeFilterContextCustomizer@3cb3d924, org.springframework.boot.test.json.DuplicateJsonObjectContextCustomizerFactory$DuplicateJsonObjectContextCustomizer@1350c554, org.springframework.boot.test.mock.mockito.MockitoContextCustomizer@0, org.springframework.boot.test.autoconfigure.properties.PropertyMappingContextCustomizer@0, org.springframework.boot.test.autoconfigure.web.servlet.WebDriverContextCustomizerFactory$Customizer@2600e3d4], resourceBasePath = 'src/main/webapp', contextLoader = 'org.springframework.boot.test.context.SpringBootContextLoader', parent = [null]]], class annotated with @DirtiesContext [false] with mode [null].
12:55:35.328 [Test worker] DEBUG org.springframework.test.annotation.ProfileValueUtils - Retrieved @ProfileValueSourceConfiguration [null] for test class [com.mengyuan.blog.BlogApplicationTests]
12:55:35.328 [Test worker] DEBUG org.springframework.test.annotation.ProfileValueUtils - Retrieved ProfileValueSource type [class org.springframework.test.annotation.SystemProfileValueSource] for class [com.mengyuan.blog.BlogApplicationTests]
12:55:35.373 [Test worker] DEBUG org.springframework.core.env.StandardEnvironment - Adding PropertySource 'systemProperties' with lowest search precedence
12:55:35.374 [Test worker] DEBUG org.springframework.core.env.StandardEnvironment - Adding PropertySource 'systemEnvironment' with lowest search precedence
12:55:35.374 [Test worker] DEBUG org.springframework.core.env.StandardEnvironment - Initialized StandardEnvironment with PropertySources [MapPropertySource@288912171 {name='systemProperties', properties={java.runtime.name=Java(TM) SE Runtime Environment, sun.boot.library.path=D:\Java\jdk1.8.0_162\jre\bin, java.vm.version=25.162-b12, java.vm.vendor=Oracle Corporation, java.vendor.url=http://java.oracle.com/, path.separator=;, java.vm.name=Java HotSpot(TM) 64-Bit Server VM, file.encoding.pkg=sun.io, user.script=, sun.java.launcher=SUN_STANDARD, user.country=CN, sun.os.patch.level=Service Pack 1, java.vm.specification.name=Java Virtual Machine Specification, user.dir=D:\EclipseWorkspace\blog, java.runtime.version=1.8.0_162-b12, java.awt.graphicsenv=sun.awt.Win32GraphicsEnvironment, java.endorsed.dirs=D:\Java\jdk1.8.0_162\jre\lib\endorsed, os.arch=amd64, java.io.tmpdir=C:\Users\ADMINI~1\AppData\Local\Temp\, line.separator=
, java.vm.specification.vendor=Oracle Corporation, user.variant=, os.name=Windows 7, sun.jnu.encoding=GBK, java.library.path=D:\Java\jdk1.8.0_162\bin;C:\Windows\Sun\Java\bin;C:\Windows\system32;C:\Windows;C:/Program Files/Java/jre1.8.0_171/bin/server;C:/Program Files/Java/jre1.8.0_171/bin;C:/Program Files/Java/jre1.8.0_171/lib/amd64;C:\Program Files (x86)\Common Files\Oracle\Java\javapath;C:\ProgramData\Oracle\Java\javapath;D:\Anaconda3;D:\Anaconda3\Library\mingw-w64\bin;D:\Anaconda3\Library\usr\bin;D:\Anaconda3\Library\bin;D:\Anaconda3\Scripts;C:\Windows\system32;C:\Windows;C:\Windows\System32\Wbem;C:\Windows\System32\WindowsPowerShell\v1.0\;C:\Program Files (x86)\NVIDIA Corporation\PhysX\Common;D:\Java\jdk1.8.0_162\bin;D:\Java\jdk1.8.0_162\jre\bin;C:\Program Files\MySQL\MySQL Server 5.5\bin;C:\Users\Administrator\AppData\Local\Programs\Python\Python36\Lib\site-packages\Django-1.11.2-py3.6.egg\django\bin;C:\Users\Administrator\AppData\Local\Programs\Python\Python36\Scripts;D:\Program Files\nodejs\;D:\Program Files (x86)\Git\cmd;D:\apache-maven-3.5.3\bin;D:\gradle-3.5\bin;C:\Users\Administrator\AppData\Local\Programs\Python\Python36\Scripts\;C:\Users\Administrator\AppData\Local\Programs\Python\Python36\;C:\Users\Administrator\AppData\Roaming\npm;D:\eclipse;;., java.specification.name=Java Platform API Specification, java.class.version=52.0, sun.management.compiler=HotSpot 64-Bit Tiered Compilers, os.version=6.1, user.home=C:\Users\Administrator, user.timezone=Asia/Shanghai, java.awt.printerjob=sun.awt.windows.WPrinterJob, file.encoding=GBK, java.specification.version=1.8, java.class.path=D:\EclipseWorkspace\blog\build\classes\test;D:\EclipseWorkspace\blog\build\resources\test;D:\EclipseWorkspace\blog\build\classes\main;D:\EclipseWorkspace\blog\build\resources\main;D:\gradle-3.5\caches\modules-2\files-2.1\org.springframework.boot\spring-boot-starter-web\1.5.15.RELEASE\42fc38e777be2d776ff9ab74fb60082bc05d7115\spring-boot-starter-web-1.5.15.RELEASE.jar;D:\gradle-3.5\caches\modules-2\files-2.1\org.springframework.boot\spring-boot-starter-aop\1.5.15.RELEASE\c3dfbf359ef084a34518185f0e5d4a58aa009eeb\spring-boot-starter-aop-1.5.15.RELEASE.jar;D:\gradle-3.5\caches\modules-2\files-2.1\org.springframework.boot\spring-boot-starter-thymeleaf\1.5.15.RELEASE\f7c7d53df171a61c02d43dd406cd210916ad19bf\spring-boot-starter-thymeleaf-1.5.15.RELEASE.jar;D:\gradle-3.5\caches\modules-2\files-2.1\org.springframework.boot\spring-boot-starter-data-jpa\1.5.15.RELEASE\f0425299df4c00c0981eee410d3bb94db42d236f\spring-boot-starter-data-jpa-1.5.15.RELEASE.jar;D:\gradle-3.5\caches\modules-2\files-2.1\mysql\mysql-connector-java\5.1.46\9a3e63b387e376364211e96827bc27db8d7a92e9\mysql-connector-java-5.1.46.jar;D:\gradle-3.5\caches\modules-2\files-2.1\org.springframework.boot\spring-boot-starter-test\1.5.15.RELEASE\88c385ac721f4913ce43f3fde1f9c32c9c6e5be1\spring-boot-starter-test-1.5.15.RELEASE.jar;D:\gradle-3.5\caches\modules-2\files-2.1\org.springframework.boot\spring-boot-starter\1.5.15.RELEASE\5b4419f4c8960eafba0b4f588b27dbbde9ea9abd\spring-boot-starter-1.5.15.RELEASE.jar;D:\gradle-3.5\caches\modules-2\files-2.1\org.springframework.boot\spring-boot-starter-tomcat\1.5.15.RELEASE\4e1bf3cd8480137b32c61d6f0fb54a4b81406a80\spring-boot-starter-tomcat-1.5.15.RELEASE.jar;D:\gradle-3.5\caches\modules-2\files-2.1\org.hibernate\hibernate-validator\5.3.6.Final\4c730be8bf55a8e9a61e79a2f2c079abf48b718\hibernate-validator-5.3.6.Final.jar;D:\gradle-3.5\caches\modules-2\files-2.1\com.fasterxml.jackson.core\jackson-databind\2.8.11.2\2c5051e8e84d2c16316b758ebf746f9e90bef5a4\jackson-databind-2.8.11.2.jar;D:\gradle-3.5\caches\modules-2\files-2.1\org.springframework\spring-web\4.3.18.RELEASE\e41042a70a7d80da52261c1dfc569c7518b70dce\spring-web-4.3.18.RELEASE.jar;D:\gradle-3.5\caches\modules-2\files-2.1\org.springframework\spring-webmvc\4.3.18.RELEASE\67ad7f59830df97ab73f8c7ab53ea33ae7dcb68\spring-webmvc-4.3.18.RELEASE.jar;D:\gradle-3.5\caches\modules-2\files-2.1\org.springframework\spring-aop\4.3.18.RELEASE\dd930265a504563d76de79864ae3196f6e9035e0\spring-aop-4.3.18.RELEASE.jar;D:\gradle-3.5\caches\modules-2\files-2.1\org.aspectj\aspectjweaver\1.8.13\ad94df2a28d658a40dc27bbaff6a1ce5fbf04e9b\aspectjweaver-1.8.13.jar;D:\gradle-3.5\caches\modules-2\files-2.1\org.thymeleaf\thymeleaf-spring4\3.0.3.RELEASE\aa82eae4ce4a6c5bf04ad8d2cfbdabcb32f70e11\thymeleaf-spring4-3.0.3.RELEASE.jar;D:\gradle-3.5\caches\modules-2\files-2.1\nz.net.ultraq.thymeleaf\thymeleaf-layout-dialect\2.2.0\15f250cc343825c3c4c72d8086981e3a2231f640\thymeleaf-layout-dialect-2.2.0.jar;D:\gradle-3.5\caches\modules-2\files-2.1\org.springframework.boot\spring-boot-starter-jdbc\1.5.15.RELEASE\566c83d3fe4c2b570b566c3b81afa40784de553f\spring-boot-starter-jdbc-1.5.15.RELEASE.jar;D:\gradle-3.5\caches\modules-2\files-2.1\org.hibernate\hibernate-core\5.2.8.Final\536e380bb49cf5e5ac7bcb017a1d46b5183af2f6\hibernate-core-5.2.8.Final.jar;D:\gradle-3.5\caches\modules-2\files-2.1\org.hibernate\hibernate-entitymanager\5.2.8.Final\e1cb7f66c751c71fc05e2ac01378425609fb0623\hibernate-entitymanager-5.2.8.Final.jar;D:\gradle-3.5\caches\modules-2\files-2.1\javax.transaction\javax.transaction-api\1.2\d81aff979d603edd90dcd8db2abc1f4ce6479e3e\javax.transaction-api-1.2.jar;D:\gradle-3.5\caches\modules-2\files-2.1\org.springframework.data\spring-data-jpa\1.11.14.RELEASE\6b48748cf8720f2e5bba7e8dd7d6923a841ef39c\spring-data-jpa-1.11.14.RELEASE.jar;D:\gradle-3.5\caches\modules-2\files-2.1\org.springframework\spring-aspects\4.3.18.RELEASE\d7ff868830a15461ff749bea6860590f41777425\spring-aspects-4.3.18.RELEASE.jar;D:\gradle-3.5\caches\modules-2\files-2.1\org.springframework.boot\spring-boot-test\1.5.15.RELEASE\d650b15ebb25b5a98c3255b8a2bd93b31ba7f109\spring-boot-test-1.5.15.RELEASE.jar;D:\gradle-3.5\caches\modules-2\files-2.1\org.springframework.boot\spring-boot-test-autoconfigure\1.5.15.RELEASE\ca8d767543eecf14d689bb6f039b6569faac5e8a\spring-boot-test-autoconfigure-1.5.15.RELEASE.jar;D:\gradle-3.5\caches\modules-2\files-2.1\com.jayway.jsonpath\json-path\2.2.0\22290d17944bd239fabf5ac69005a60a7ecbbbcb\json-path-2.2.0.jar;D:\gradle-3.5\caches\modules-2\files-2.1\junit\junit\4.12\2973d150c0dc1fefe998f834810d68f278ea58ec\junit-4.12.jar;D:\gradle-3.5\caches\modules-2\files-2.1\org.assertj\assertj-core\2.6.0\b532c3fc4f66bcfee4989a3514f1cd56203a33ad\assertj-core-2.6.0.jar;D:\gradle-3.5\caches\modules-2\files-2.1\org.mockito\mockito-core\1.10.19\e8546f5bef4e061d8dd73895b4e8f40e3fe6effe\mockito-core-1.10.19.jar;D:\gradle-3.5\caches\modules-2\files-2.1\org.hamcrest\hamcrest-core\1.3\42a25dc3219429f0e5d060061f71acb49bf010a0\hamcrest-core-1.3.jar;D:\gradle-3.5\caches\modules-2\files-2.1\org.hamcrest\hamcrest-library\1.3\4785a3c21320980282f9f33d0d1264a69040538f\hamcrest-library-1.3.jar;D:\gradle-3.5\caches\modules-2\files-2.1\org.skyscreamer\jsonassert\1.4.0\9cdbb373a06f6513e51e8c545ee6a5e981463edb\jsonassert-1.4.0.jar;D:\gradle-3.5\caches\modules-2\files-2.1\org.springframework\spring-core\4.3.18.RELEASE\4acbce682c3dfe38181d57b7e0792e2cc21e4f77\spring-core-4.3.18.RELEASE.jar;D:\gradle-3.5\caches\modules-2\files-2.1\org.springframework\spring-test\4.3.18.RELEASE\1995997f20dcb66d44c252bb6d1a06eff00b465e\spring-test-4.3.18.RELEASE.jar;D:\gradle-3.5\caches\modules-2\files-2.1\org.springframework.boot\spring-boot\1.5.15.RELEASE\79126cdbd541d1fd9a1497efddb00848bf7b201\spring-boot-1.5.15.RELEASE.jar;D:\gradle-3.5\caches\modules-2\files-2.1\org.springframework.boot\spring-boot-autoconfigure\1.5.15.RELEASE\9cb093e335fc58e61581edcb959813b62731ef8e\spring-boot-autoconfigure-1.5.15.RELEASE.jar;D:\gradle-3.5\caches\modules-2\files-2.1\org.springframework.boot\spring-boot-starter-logging\1.5.15.RELEASE\3a0d1b63705bb75ac54884c6c169b1e1908f1375\spring-boot-starter-logging-1.5.15.RELEASE.jar;D:\gradle-3.5\caches\modules-2\files-2.1\org.yaml\snakeyaml\1.17\7a27ea250c5130b2922b86dea63cbb1cc10a660c\snakeyaml-1.17.jar;D:\gradle-3.5\caches\modules-2\files-2.1\org.apache.tomcat.embed\tomcat-embed-core\8.5.32\6bc6896200146010cc4666bdc6b9b0cbb453ee22\tomcat-embed-core-8.5.32.jar;D:\gradle-3.5\caches\modules-2\files-2.1\org.apache.tomcat.embed\tomcat-embed-el\8.5.32\e4fd0ee015d83fa1c5ec93ff1d05bdaf9a4480c5\tomcat-embed-el-8.5.32.jar;D:\gradle-3.5\caches\modules-2\files-2.1\org.apache.tomcat.embed\tomcat-embed-websocket\8.5.32\ea5302e378f1449d4e5dda79e8d810c1e7931f91\tomcat-embed-websocket-8.5.32.jar;D:\gradle-3.5\caches\modules-2\files-2.1\javax.validation\validation-api\1.1.0.Final\8613ae82954779d518631e05daa73a6a954817d5\validation-api-1.1.0.Final.jar;D:\gradle-3.5\caches\modules-2\files-2.1\org.jboss.logging\jboss-logging\3.3.2.Final\3789d00e859632e6c6206adc0c71625559e6e3b0\jboss-logging-3.3.2.Final.jar;D:\gradle-3.5\caches\modules-2\files-2.1\com.fasterxml\classmate\1.3.4\3d5f48f10bbe4eb7bd862f10c0583be2e0053c6\classmate-1.3.4.jar;D:\gradle-3.5\caches\modules-2\files-2.1\com.fasterxml.jackson.core\jackson-annotations\2.8.0\45b426f7796b741035581a176744d91090e2e6fb\jackson-annotations-2.8.0.jar;D:\gradle-3.5\caches\modules-2\files-2.1\com.fasterxml.jackson.core\jackson-core\2.8.11\876ead1db19f0c9e79c9789273a3ef8c6fd6c29b\jackson-core-2.8.11.jar;D:\gradle-3.5\caches\modules-2\files-2.1\org.springframework\spring-beans\4.3.18.RELEASE\27460686b16b3ffee60bb3365cd56bba6ed860ff\spring-beans-4.3.18.RELEASE.jar;D:\gradle-3.5\caches\modules-2\files-2.1\org.springframework\spring-context\4.3.18.RELEASE\d302953b509e6d380856e245bf80c29770c08c98\spring-context-4.3.18.RELEASE.jar;D:\gradle-3.5\caches\modules-2\files-2.1\org.springframework\spring-expression\4.3.18.RELEASE\64f2270bfd9d615c8c3b9d94995867f39391ed30\spring-expression-4.3.18.RELEASE.jar;D:\gradle-3.5\caches\modules-2\files-2.1\org.thymeleaf\thymeleaf\3.0.3.RELEASE\b1e8c9c81080fb158848d42aa54d0668bc2936af\thymeleaf-3.0.3.RELEASE.jar;D:\gradle-3.5\caches\modules-2\files-2.1\org.slf4j\slf4j-api\1.7.25\da76ca59f6a57ee3102f8f9bd9cee742973efa8a\slf4j-api-1.7.25.jar;D:\gradle-3.5\caches\modules-2\files-2.1\org.codehaus.groovy\groovy\2.4.15\74b7e0b99526c569e3a59cb84dbcc6204d601ee6\groovy-2.4.15.jar;D:\gradle-3.5\caches\modules-2\files-2.1\nz.net.ultraq.thymeleaf\thymeleaf-expression-processor\1.1.2\f9ade8db0d5d3b1622051bf7b22248c58a0c0ab6\thymeleaf-expression-processor-1.1.2.jar;D:\gradle-3.5\caches\modules-2\files-2.1\org.apache.tomcat\tomcat-jdbc\8.5.32\9d2bf02f75c1f72b5346b60263d44b1a1ab8da43\tomcat-jdbc-8.5.32.jar;D:\gradle-3.5\caches\modules-2\files-2.1\org.springframework\spring-jdbc\4.3.18.RELEASE\816bc40759cd07ec50b86b1472aa021813387114\spring-jdbc-4.3.18.RELEASE.jar;D:\gradle-3.5\caches\modules-2\files-2.1\org.hibernate.javax.persistence\hibernate-jpa-2.1-api\1.0.0.Final\5e731d961297e5a07290bfaf3db1fbc8bbbf405a\hibernate-jpa-2.1-api-1.0.0.Final.jar;D:\gradle-3.5\caches\modules-2\files-2.1\org.javassist\javassist\3.21.0-GA\598244f595db5c5fb713731eddbb1c91a58d959b\javassist-3.21.0-GA.jar;D:\gradle-3.5\caches\modules-2\files-2.1\antlr\antlr\2.7.7\83cd2cd674a217ade95a4bb83a8a14f351f48bd0\antlr-2.7.7.jar;D:\gradle-3.5\caches\modules-2\files-2.1\org.jboss.spec.javax.transaction\jboss-transaction-api_1.2_spec\1.0.1.Final\4441f144a2a1f46ed48fcc6b476a4b6295e6d524\jboss-transaction-api_1.2_spec-1.0.1.Final.jar;D:\gradle-3.5\caches\modules-2\files-2.1\org.jboss\jandex\2.0.3.Final\bfc4d6257dbff7a33a357f0de116be6ff951d849\jandex-2.0.3.Final.jar;D:\gradle-3.5\caches\modules-2\files-2.1\dom4j\dom4j\1.6.1\5d3ccc056b6f056dbf0dddfdf43894b9065a8f94\dom4j-1.6.1.jar;D:\gradle-3.5\caches\modules-2\files-2.1\org.hibernate.common\hibernate-commons-annotations\5.0.1.Final\71e1cff3fcb20d3b3af4f3363c3ddb24d33c6879\hibernate-commons-annotations-5.0.1.Final.jar;D:\gradle-3.5\caches\modules-2\files-2.1\net.bytebuddy\byte-buddy\1.6.6\7d421c533adb4e1948e3219572f94c485f09a644\byte-buddy-1.6.6.jar;D:\gradle-3.5\caches\modules-2\files-2.1\org.springframework.data\spring-data-commons\1.13.14.RELEASE\181429786ecaa16e186d9aa3fc581c8f778a208e\spring-data-commons-1.13.14.RELEASE.jar;D:\gradle-3.5\caches\modules-2\files-2.1\org.springframework\spring-orm\4.3.18.RELEASE\f5f7cef67e9729f0f96a89441ae24980c7339da8\spring-orm-4.3.18.RELEASE.jar;D:\gradle-3.5\caches\modules-2\files-2.1\org.springframework\spring-tx\4.3.18.RELEASE\b6b7938f7d8ba412b6663a8b950592557c2d996e\spring-tx-4.3.18.RELEASE.jar;D:\gradle-3.5\caches\modules-2\files-2.1\org.slf4j\jcl-over-slf4j\1.7.25\f8c32b13ff142a513eeb5b6330b1588dcb2c0461\jcl-over-slf4j-1.7.25.jar;D:\gradle-3.5\caches\modules-2\files-2.1\net.minidev\json-smart\2.2.1\5b9e5df7a62d1279b70dc882b041d249c4f0b002\json-smart-2.2.1.jar;D:\gradle-3.5\caches\modules-2\files-2.1\org.objenesis\objenesis\2.1\87c0ea803b69252868d09308b4618f766f135a96\objenesis-2.1.jar;D:\gradle-3.5\caches\modules-2\files-2.1\com.vaadin.external.google\android-json\0.0.20131108.vaadin1\fa26d351fe62a6a17f5cda1287c1c6110dec413f\android-json-0.0.20131108.vaadin1.jar;D:\gradle-3.5\caches\modules-2\files-2.1\ch.qos.logback\logback-classic\1.1.11\ccedfbacef4a6515d2983e3f89ed753d5d4fb665\logback-classic-1.1.11.jar;D:\gradle-3.5\caches\modules-2\files-2.1\org.slf4j\jul-to-slf4j\1.7.25\af5364cd6679bfffb114f0dec8a157aaa283b76\jul-to-slf4j-1.7.25.jar;D:\gradle-3.5\caches\modules-2\files-2.1\org.slf4j\log4j-over-slf4j\1.7.25\a87bb47468f47ee7aabbd54f93e133d4215769c3\log4j-over-slf4j-1.7.25.jar;D:\gradle-3.5\caches\modules-2\files-2.1\org.apache.tomcat\tomcat-annotations-api\8.5.32\bc805a49362036d2705bbe051053f11120869fd\tomcat-annotations-api-8.5.32.jar;D:\gradle-3.5\caches\modules-2\files-2.1\org.attoparser\attoparser\2.0.2.RELEASE\13d40c5bbc1fb7c021f54223f27c9feb1328cee3\attoparser-2.0.2.RELEASE.jar;D:\gradle-3.5\caches\modules-2\files-2.1\org.unbescape\unbescape\1.1.4.RELEASE\1ef1371149efc31d72d35dc290cf16c1a4736a12\unbescape-1.1.4.RELEASE.jar;D:\gradle-3.5\caches\modules-2\files-2.1\org.apache.tomcat\tomcat-juli\8.5.32\c659f0c0bc6e1124bf3461ca51b25724a2335cf6\tomcat-juli-8.5.32.jar;D:\gradle-3.5\caches\modules-2\files-2.1\net.minidev\accessors-smart\1.1\a527213f2fea112a04c9bdf0ec0264e34104cd08\accessors-smart-1.1.jar;D:\gradle-3.5\caches\modules-2\files-2.1\ch.qos.logback\logback-core\1.1.11\88b8df40340eed549fb07e2613879bf6b006704d\logback-core-1.1.11.jar;D:\gradle-3.5\caches\modules-2\files-2.1\org.ow2.asm\asm\5.0.3\dcc2193db20e19e1feca8b1240dbbc4e190824fa\asm-5.0.3.jar, user.name=Administrator, java.vm.specification.version=1.8, sun.java.command=worker.org.gradle.process.internal.worker.GradleWorkerMain 'Gradle Test Executor 1', java.home=D:\Java\jdk1.8.0_162\jre, sun.arch.data.model=64, user.language=zh, java.specification.vendor=Oracle Corporation, awt.toolkit=sun.awt.windows.WToolkit, java.vm.info=mixed mode, java.version=1.8.0_162, java.ext.dirs=D:\Java\jdk1.8.0_162\jre\lib\ext;C:\Windows\Sun\Java\lib\ext, sun.boot.class.path=D:\Java\jdk1.8.0_162\jre\lib\resources.jar;D:\Java\jdk1.8.0_162\jre\lib\rt.jar;D:\Java\jdk1.8.0_162\jre\lib\sunrsasign.jar;D:\Java\jdk1.8.0_162\jre\lib\jsse.jar;D:\Java\jdk1.8.0_162\jre\lib\jce.jar;D:\Java\jdk1.8.0_162\jre\lib\charsets.jar;D:\Java\jdk1.8.0_162\jre\lib\jfr.jar;D:\Java\jdk1.8.0_162\jre\classes, java.vendor=Oracle Corporation, org.gradle.test.worker=1, file.separator=\, java.vendor.url.bug=http://bugreport.sun.com/bugreport/, sun.io.unicode.encoding=UnicodeLittle, sun.cpu.endian=little, sun.desktop=windows, sun.cpu.isalist=amd64}}, SystemEnvironmentPropertySource@826576419 {name='systemEnvironment', properties={LOCALAPPDATA=C:\Users\Administrator\AppData\Local, PROCESSOR_LEVEL=6, FP_NO_HOST_CHECK=NO, USERDOMAIN=JBRV2ZEA7WXLQ7U, LOGONSERVER=\\JBRV2ZEA7WXLQ7U, JAVA_HOME=D:\Java\jdk1.8.0_162, SESSIONNAME=Console, ALLUSERSPROFILE=C:\ProgramData, PROCESSOR_ARCHITECTURE=AMD64, GRADLE_HOME=D:\gradle-3.5, PSModulePath=C:\Windows\system32\WindowsPowerShell\v1.0\Modules\, SystemDrive=C:, MAVEN_HOME=D:\apache-maven-3.5.3, APPDATA=C:\Users\Administrator\AppData\Roaming, USERNAME=Administrator, windows_tracing_logfile=C:\BVTBin\Tests\installpackage\csilogfile.log, ProgramFiles(x86)=C:\Program Files (x86), CommonProgramFiles=C:\Program Files\Common Files, Path=C:/Program Files/Java/jre1.8.0_171/bin/server;C:/Program Files/Java/jre1.8.0_171/bin;C:/Program Files/Java/jre1.8.0_171/lib/amd64;C:\Program Files (x86)\Common Files\Oracle\Java\javapath;C:\ProgramData\Oracle\Java\javapath;D:\Anaconda3;D:\Anaconda3\Library\mingw-w64\bin;D:\Anaconda3\Library\usr\bin;D:\Anaconda3\Library\bin;D:\Anaconda3\Scripts;C:\Windows\system32;C:\Windows;C:\Windows\System32\Wbem;C:\Windows\System32\WindowsPowerShell\v1.0\;C:\Program Files (x86)\NVIDIA Corporation\PhysX\Common;D:\Java\jdk1.8.0_162\bin;D:\Java\jdk1.8.0_162\jre\bin;C:\Program Files\MySQL\MySQL Server 5.5\bin;C:\Users\Administrator\AppData\Local\Programs\Python\Python36\Lib\site-packages\Django-1.11.2-py3.6.egg\django\bin;C:\Users\Administrator\AppData\Local\Programs\Python\Python36\Scripts;D:\Program Files\nodejs\;D:\Program Files (x86)\Git\cmd;D:\apache-maven-3.5.3\bin;D:\gradle-3.5\bin;C:\Users\Administrator\AppData\Local\Programs\Python\Python36\Scripts\;C:\Users\Administrator\AppData\Local\Programs\Python\Python36\;C:\Users\Administrator\AppData\Roaming\npm;D:\eclipse;, PATHEXT=.COM;.EXE;.BAT;.CMD;.VBS;.VBE;.JS;.JSE;.WSF;.WSH;.MSC, OS=Windows_NT, windows_tracing_flags=3, COMPUTERNAME=JBRV2ZEA7WXLQ7U, _DFX_INSTALL_UNSIGNED_DRIVER=1, PROCESSOR_REVISION=5e03, CLASSPATH=D:\Java\jdk1.8.0_162lib\dt.jar;D:\Java\jdk1.8.0_162\lib\tools.jar, CommonProgramW6432=C:\Program Files\Common Files, ComSpec=C:\Windows\system32\cmd.exe, ProgramData=C:\ProgramData, ProgramW6432=C:\Program Files, HOMEPATH=\Users\Administrator, SystemRoot=C:\Windows, TEMP=C:\Users\ADMINI~1\AppData\Local\Temp, HOMEDRIVE=C:, PROCESSOR_IDENTIFIER=Intel64 Family 6 Model 94 Stepping 3, GenuineIntel, USERPROFILE=C:\Users\Administrator, TMP=C:\Users\ADMINI~1\AppData\Local\Temp, CommonProgramFiles(x86)=C:\Program Files (x86)\Common Files, ProgramFiles=C:\Program Files, PUBLIC=C:\Users\Public, NUMBER_OF_PROCESSORS=4, windir=C:\Windows, =::=::\}}]
12:55:35.376 [Test worker] DEBUG org.springframework.core.env.MutablePropertySources - Adding PropertySource 'inline' with highest search precedence
12:55:35.380 [Test worker] DEBUG org.springframework.test.context.support.TestPropertySourceUtils - Adding inlined properties to environment: {spring.jmx.enabled=false, org.springframework.boot.test.context.SpringBootTestContextBootstrapper=true, server.port=-1}
12:55:35.381 [Test worker] DEBUG org.springframework.core.env.StandardEnvironment - Adding PropertySource 'Inlined Test Properties' with highest search precedence

  .   ____          _            __ _ _
 /\\ / ___'_ __ _ _(_)_ __  __ _ \ \ \ \
( ( )\___ | '_ | '_| | '_ \/ _` | \ \ \ \
 \\/  ___)| |_)| | | | | || (_| |  ) ) ) )
  '  |____| .__|_| |_|_| |_\__, | / / / /
 =========|_|==============|___/=/_/_/_/
 :: Spring Boot ::       (v1.5.15.RELEASE)

2018-08-25 12:55:35.585  INFO 7300 --- [    Test worker] com.mengyuan.blog.BlogApplicationTests   : Starting BlogApplicationTests on JBRV2ZEA7WXLQ7U with PID 7300 (started by Administrator in D:\EclipseWorkspace\blog)
2018-08-25 12:55:35.587  INFO 7300 --- [    Test worker] com.mengyuan.blog.BlogApplicationTests   : No active profile set, falling back to default profiles: default
2018-08-25 12:55:35.840  INFO 7300 --- [    Test worker] o.s.w.c.s.GenericWebApplicationContext   : Refreshing org.springframework.web.context.support.GenericWebApplicationContext@1cff0a79: startup date [Sat Aug 25 12:55:35 CST 2018]; root of context hierarchy
2018-08-25 12:55:36.712  INFO 7300 --- [    Test worker] trationDelegate$BeanPostProcessorChecker : Bean 'org.springframework.transaction.annotation.ProxyTransactionManagementConfiguration' of type [org.springframework.transaction.annotation.ProxyTransactionManagementConfiguration$$EnhancerBySpringCGLIB$$f27cbe] is not eligible for getting processed by all BeanPostProcessors (for example: not eligible for auto-proxying)
2018-08-25 12:55:37.309  INFO 7300 --- [    Test worker] j.LocalContainerEntityManagerFactoryBean : Building JPA container EntityManagerFactory for persistence unit 'default'
2018-08-25 12:55:37.324  INFO 7300 --- [    Test worker] o.hibernate.jpa.internal.util.LogHelper  : HHH000204: Processing PersistenceUnitInfo [
	name: default
	...]
2018-08-25 12:55:37.477  INFO 7300 --- [    Test worker] org.hibernate.Version                    : HHH000412: Hibernate Core {5.2.8.Final}
2018-08-25 12:55:37.479  INFO 7300 --- [    Test worker] org.hibernate.cfg.Environment            : HHH000206: hibernate.properties not found
2018-08-25 12:55:37.516  INFO 7300 --- [    Test worker] o.hibernate.annotations.common.Version   : HCANN000001: Hibernate Commons Annotations {5.0.1.Final}
2018-08-25 12:55:37.627  INFO 7300 --- [    Test worker] org.hibernate.dialect.Dialect            : HHH000400: Using dialect: org.hibernate.dialect.MySQL5Dialect
Hibernate: create table user (id bigint not null auto_increment, email varchar(255), name varchar(255), primary key (id))
2018-08-25 12:55:38.048  INFO 7300 --- [    Test worker] j.LocalContainerEntityManagerFactoryBean : Initialized JPA EntityManagerFactory for persistence unit 'default'
2018-08-25 12:55:38.686  INFO 7300 --- [    Test worker] s.w.s.m.m.a.RequestMappingHandlerAdapter : Looking for @ControllerAdvice: org.springframework.web.context.support.GenericWebApplicationContext@1cff0a79: startup date [Sat Aug 25 12:55:35 CST 2018]; root of context hierarchy
2018-08-25 12:55:38.744  INFO 7300 --- [    Test worker] s.w.s.m.m.a.RequestMappingHandlerMapping : Mapped "{[/hello]}" onto public java.lang.String com.mengyuan.blog.controller.HelloController.hello()
2018-08-25 12:55:38.748  INFO 7300 --- [    Test worker] s.w.s.m.m.a.RequestMappingHandlerMapping : Mapped "{[/users/delete/{id}],methods=[GET]}" onto public org.springframework.web.servlet.ModelAndView com.mengyuan.blog.controller.UserController.delete(java.lang.Long,com.mengyuan.blog.domain.User)
2018-08-25 12:55:38.749  INFO 7300 --- [    Test worker] s.w.s.m.m.a.RequestMappingHandlerMapping : Mapped "{[/users],methods=[GET]}" onto public org.springframework.web.servlet.ModelAndView com.mengyuan.blog.controller.UserController.list(org.springframework.ui.Model)
2018-08-25 12:55:38.749  INFO 7300 --- [    Test worker] s.w.s.m.m.a.RequestMappingHandlerMapping : Mapped "{[/users/{id}],methods=[GET]}" onto public org.springframework.web.servlet.ModelAndView com.mengyuan.blog.controller.UserController.list(java.lang.Long,org.springframework.ui.Model)
2018-08-25 12:55:38.750  INFO 7300 --- [    Test worker] s.w.s.m.m.a.RequestMappingHandlerMapping : Mapped "{[/users/form],methods=[GET]}" onto public org.springframework.web.servlet.ModelAndView com.mengyuan.blog.controller.UserController.createForm(org.springframework.ui.Model)
2018-08-25 12:55:38.750  INFO 7300 --- [    Test worker] s.w.s.m.m.a.RequestMappingHandlerMapping : Mapped "{[/users],methods=[POST]}" onto public org.springframework.web.servlet.ModelAndView com.mengyuan.blog.controller.UserController.saveOrUpdateUser(com.mengyuan.blog.domain.User)
2018-08-25 12:55:38.750  INFO 7300 --- [    Test worker] s.w.s.m.m.a.RequestMappingHandlerMapping : Mapped "{[/users/modify/{id}],methods=[GET]}" onto public org.springframework.web.servlet.ModelAndView com.mengyuan.blog.controller.UserController.modify(java.lang.Long,org.springframework.ui.Model)
2018-08-25 12:55:38.752  INFO 7300 --- [    Test worker] s.w.s.m.m.a.RequestMappingHandlerMapping : Mapped "{[/error]}" onto public org.springframework.http.ResponseEntity<java.util.Map<java.lang.String, java.lang.Object>> org.springframework.boot.autoconfigure.web.BasicErrorController.error(javax.servlet.http.HttpServletRequest)
2018-08-25 12:55:38.752  INFO 7300 --- [    Test worker] s.w.s.m.m.a.RequestMappingHandlerMapping : Mapped "{[/error],produces=[text/html]}" onto public org.springframework.web.servlet.ModelAndView org.springframework.boot.autoconfigure.web.BasicErrorController.errorHtml(javax.servlet.http.HttpServletRequest,javax.servlet.http.HttpServletResponse)
2018-08-25 12:55:38.792  INFO 7300 --- [    Test worker] o.s.w.s.handler.SimpleUrlHandlerMapping  : Mapped URL path [/webjars/**] onto handler of type [class org.springframework.web.servlet.resource.ResourceHttpRequestHandler]
2018-08-25 12:55:38.792  INFO 7300 --- [    Test worker] o.s.w.s.handler.SimpleUrlHandlerMapping  : Mapped URL path [/**] onto handler of type [class org.springframework.web.servlet.resource.ResourceHttpRequestHandler]
2018-08-25 12:55:38.827  INFO 7300 --- [    Test worker] o.s.w.s.handler.SimpleUrlHandlerMapping  : Mapped URL path [/**/favicon.ico] onto handler of type [class org.springframework.web.servlet.resource.ResourceHttpRequestHandler]
2018-08-25 12:55:38.862  WARN 7300 --- [    Test worker] org.thymeleaf.templatemode.TemplateMode  : [THYMELEAF][Test worker] Template Mode 'HTML5' is deprecated. Using Template Mode 'HTML' instead.
2018-08-25 12:55:39.291  INFO 7300 --- [    Test worker] com.mengyuan.blog.BlogApplicationTests   : Started BlogApplicationTests in 3.902 seconds (JVM running for 4.698)
]]></system-out>
  <system-err><![CDATA[]]></system-err>
</testsuite>
